Backup cleanup complete ✅
Cleaning /Users/dwightwilliams/Downloads/clean-bak for old .bak files...
Backup cleanup complete ✅
Cleaning /Users/dwightwilliams/Downloads/clean-bak for old .bak files...
Backup cleanup complete ✅
[2025-05-27 10:56:39] Cleaning /Users/dwightwilliams/Downloads/clean-bak for old .bak files...
[2025-05-27 10:56:39] Backup cleanup complete ✅
Cleaning /Users/dwightwilliams/Downloads/clean-bak for old .bak files...
Backup cleanup complete ✅
Cleaning /Users/dwightwilliams/Downloads/clean-bak for old .bak files...
Backup cleanup complete ✅
[2025-05-27 12:00:34] Cleaning /Users/dwightwilliams/Downloads/clean-bak for old .bak files...
[2025-05-27 12:00:34] Deleting: /Users/dwightwilliams/Downloads/clean-bak/test_auto.bak
[2025-05-27 12:00:34] Backup cleanup complete ✅
Cleaning /Users/dwightwilliams/Downloads/clean-bak for old .bak files...
Backup cleanup complete ✅
Cleaning /Users/dwightwilliams/Downloads/clean-bak for old .bak files...
Backup cleanup complete ✅
[2025-05-27 12:09:00] Cleaning /Users/dwightwilliams/Downloads/clean-bak for old .bak files...
[2025-05-27 12:09:00] Deleting: /Users/dwightwilliams/Downloads/clean-bak/test_auto.bak
[2025-05-27 12:09:00] Backup cleanup complete ✅
Cleaning /Users/dwightwilliams/Downloads/clean-bak for old .bak files...
Backup cleanup complete ✅
Cleaning /Users/dwightwilliams/Downloads/clean-bak for old .bak files...
Backup cleanup complete ✅
[2025-05-27 12:10:00] Cleaning /Users/dwightwilliams/Downloads/clean-bak for old .bak files...
[2025-05-27 12:10:00] Backup cleanup complete ✅
Cleaning /Users/dwightwilliams/Downloads/clean-bak for old .bak files...
Backup cleanup complete ✅
Cleaning /Users/dwightwilliams/Downloads/clean-bak for old .bak files...
Backup cleanup complete ✅
[2025-05-27 12:11:00] Cleaning /Users/dwightwilliams/Downloads/clean-bak for old .bak files...
[2025-05-27 12:11:00] Deleting: /Users/dwightwilliams/Downloads/clean-bak/test_auto.bak
[2025-05-27 12:11:01] Backup cleanup complete ✅
Cleaning /Users/dwightwilliams/Downloads/clean-bak for old .bak files...
Backup cleanup complete ✅
Cleaning /Users/dwightwilliams/Downloads/clean-bak for old .bak files...
Backup cleanup complete ✅
[2025-05-27 12:12:00] Cleaning /Users/dwightwilliams/Downloads/clean-bak for old .bak files...
[2025-05-27 12:12:00] Backup cleanup complete ✅
Cleaning /Users/dwightwilliams/Downloads/clean-bak for old .bak files...
Backup cleanup complete ✅
Cleaning /Users/dwightwilliams/Downloads/clean-bak for old .bak files...
Backup cleanup complete ✅
[2025-05-27 12:13:00] Cleaning /Users/dwightwilliams/Downloads/clean-bak for old .bak files...
[2025-05-27 12:13:00] Backup cleanup complete ✅
Cleaning /Users/dwightwilliams/Downloads/clean-bak for old .bak files...
Backup cleanup complete ✅
Cleaning /Users/dwightwilliams/Downloads/clean-bak for old .bak files...
Backup cleanup complete ✅
[2025-05-27 12:23:35] Cleaning /Users/dwightwilliams/Downloads/clean-bak for old .bak files...
[2025-05-27 12:23:35] Backup cleanup complete ✅
Cleaning /Users/dwightwilliams/Downloads/clean-bak for old .bak files...
Backup cleanup complete ✅
Cleaning /Users/dwightwilliams/Downloads/clean-bak for old .bak files...
Backup cleanup complete ✅
[2025-05-27 12:47:00] Cleaning /Users/dwightwilliams/Downloads/clean-bak for old .bak files...
[2025-05-27 12:47:00] Backup cleanup complete ✅
Cleaning /Users/dwightwilliams/Downloads/clean-bak for old .bak files...
Backup cleanup complete ✅
Cleaning /Users/dwightwilliams/Downloads/clean-bak for old .bak files...
Backup cleanup complete ✅
[2025-05-27 13:38:00] Cleaning /Users/dwightwilliams/Downloads/clean-bak for old .bak files...
[2025-05-27 13:38:00] Backup cleanup complete ✅
Cleaning /Users/dwightwilliams/Downloads/clean-bak for old .bak files...
Backup cleanup complete ✅
Cleaning /Users/dwightwilliams/Downloads/clean-bak for old .bak files...
Backup cleanup complete ✅
[2025-05-27 13:39:01] Cleaning /Users/dwightwilliams/Downloads/clean-bak for old .bak files...
[2025-05-27 13:39:01] Backup cleanup complete ✅
Cleaning /Users/dwightwilliams/Downloads/clean-bak for old .bak files...
Backup cleanup complete ✅
Cleaning /Users/dwightwilliams/Downloads/clean-bak for old .bak files...
Backup cleanup complete ✅
[2025-05-27 13:40:00] Cleaning /Users/dwightwilliams/Downloads/clean-bak for old .bak files...
[2025-05-27 13:40:00] Backup cleanup complete ✅
Cleaning /Users/dwightwilliams/Downloads/clean-bak for old .bak files...
Backup cleanup complete ✅
Cleaning /Users/dwightwilliams/Downloads/clean-bak for old .bak files...
Backup cleanup complete ✅
[2025-05-27 13:41:00] Cleaning /Users/dwightwilliams/Downloads/clean-bak for old .bak files...
[2025-05-27 13:41:00] Backup cleanup complete ✅
Cleaning /Users/dwightwilliams/Downloads/clean-bak for old .bak files...
Backup cleanup complete ✅
Cleaning /Users/dwightwilliams/Downloads/clean-bak for old .bak files...
Backup cleanup complete ✅
[2025-05-27 13:42:00] Cleaning /Users/dwightwilliams/Downloads/clean-bak for old .bak files...
[2025-05-27 13:42:00] Backup cleanup complete ✅
Cleaning /Users/dwightwilliams/Downloads/clean-bak for old .bak files...
Backup cleanup complete ✅
Cleaning /Users/dwightwilliams/Downloads/clean-bak for old .bak files...
Backup cleanup complete ✅
[2025-05-27 13:43:00] Cleaning /Users/dwightwilliams/Downloads/clean-bak for old .bak files...
[2025-05-27 13:43:00] Backup cleanup complete ✅
Cleaning /Users/dwightwilliams/Downloads/clean-bak for old .bak files...
Backup cleanup complete ✅
Cleaning /Users/dwightwilliams/Downloads/clean-bak for old .bak files...
Backup cleanup complete ✅
[2025-05-27 13:44:01] Cleaning /Users/dwightwilliams/Downloads/clean-bak for old .bak files...
[2025-05-27 13:44:01] Backup cleanup complete ✅
Cleaning /Users/dwightwilliams/Downloads/clean-bak for old .bak files...
Backup cleanup complete ✅
Cleaning /Users/dwightwilliams/Downloads/clean-bak for old .bak files...
Backup cleanup complete ✅
[2025-05-27 13:45:00] Cleaning /Users/dwightwilliams/Downloads/clean-bak for old .bak files...
[2025-05-27 13:45:00] Backup cleanup complete ✅
Cleaning /Users/dwightwilliams/Downloads/clean-bak for old .bak files...
Backup cleanup complete ✅
Cleaning /Users/dwightwilliams/Downloads/clean-bak for old .bak files...
Backup cleanup complete ✅
[2025-05-27 13:46:00] Cleaning /Users/dwightwilliams/Downloads/clean-bak for old .bak files...
[2025-05-27 13:46:00] Backup cleanup complete ✅
Cleaning /Users/dwightwilliams/Downloads/clean-bak for old .bak files...
Backup cleanup complete ✅
Cleaning /Users/dwightwilliams/Downloads/clean-bak for old .bak files...
Backup cleanup complete ✅
[2025-05-27 13:47:00] Cleaning /Users/dwightwilliams/Downloads/clean-bak for old .bak files...
[2025-05-27 13:47:00] Backup cleanup complete ✅
Cleaning /Users/dwightwilliams/Downloads/clean-bak for old .bak files...
Backup cleanup complete ✅
Cleaning /Users/dwightwilliams/Downloads/clean-bak for old .bak files...
Backup cleanup complete ✅
[2025-05-27 13:48:00] Cleaning /Users/dwightwilliams/Downloads/clean-bak for old .bak files...
[2025-05-27 13:48:00] Backup cleanup complete ✅
Cleaning /Users/dwightwilliams/Downloads/clean-bak for old .bak files...
Backup cleanup complete ✅
Cleaning /Users/dwightwilliams/Downloads/clean-bak for old .bak files...
Backup cleanup complete ✅
[2025-05-27 13:49:01] Cleaning /Users/dwightwilliams/Downloads/clean-bak for old .bak files...
[2025-05-27 13:49:01] Backup cleanup complete ✅
Cleaning /Users/dwightwilliams/Downloads/clean-bak for old .bak files...
Backup cleanup complete ✅
Cleaning /Users/dwightwilliams/Downloads/clean-bak for old .bak files...
Backup cleanup complete ✅
[2025-05-27 13:50:00] Cleaning /Users/dwightwilliams/Downloads/clean-bak for old .bak files...
[2025-05-27 13:50:00] Backup cleanup complete ✅
Cleaning /Users/dwightwilliams/Downloads/clean-bak for old .bak files...
Backup cleanup complete ✅
Cleaning /Users/dwightwilliams/Downloads/clean-bak for old .bak files...
Backup cleanup complete ✅
[2025-05-27 13:51:00] Cleaning /Users/dwightwilliams/Downloads/clean-bak for old .bak files...
[2025-05-27 13:51:00] Backup cleanup complete ✅
Cleaning /Users/dwightwilliams/Downloads/clean-bak for old .bak files...
Backup cleanup complete ✅
Cleaning /Users/dwightwilliams/Downloads/clean-bak for old .bak files...
Backup cleanup complete ✅
[2025-05-27 13:52:00] Cleaning /Users/dwightwilliams/Downloads/clean-bak for old .bak files...
[2025-05-27 13:52:00] Backup cleanup complete ✅
Cleaning /Users/dwightwilliams/Downloads/clean-bak for old .bak files...
Backup cleanup complete ✅
Cleaning /Users/dwightwilliams/Downloads/clean-bak for old .bak files...
Backup cleanup complete ✅
[2025-05-27 13:53:00] Cleaning /Users/dwightwilliams/Downloads/clean-bak for old .bak files...
[2025-05-27 13:53:00] Backup cleanup complete ✅
Cleaning /Users/dwightwilliams/Downloads/clean-bak for old .bak files...
Backup cleanup complete ✅
Cleaning /Users/dwightwilliams/Downloads/clean-bak for old .bak files...
Backup cleanup complete ✅
[2025-05-27 13:54:00] Cleaning /Users/dwightwilliams/Downloads/clean-bak for old .bak files...
[2025-05-27 13:54:00] Backup cleanup complete ✅
Cleaning /Users/dwightwilliams/Downloads/clean-bak for old .bak files...
Backup cleanup complete ✅
Cleaning /Users/dwightwilliams/Downloads/clean-bak for old .bak files...
Backup cleanup complete ✅
[2025-05-27 13:55:00] Cleaning /Users/dwightwilliams/Downloads/clean-bak for old .bak files...
[2025-05-27 13:55:00] Backup cleanup complete ✅
Cleaning /Users/dwightwilliams/Downloads/clean-bak for old .bak files...
Backup cleanup complete ✅
Cleaning /Users/dwightwilliams/Downloads/clean-bak for old .bak files...
Backup cleanup complete ✅
[2025-05-27 13:56:00] Cleaning /Users/dwightwilliams/Downloads/clean-bak for old .bak files...
[2025-05-27 13:56:00] Backup cleanup complete ✅
Cleaning /Users/dwightwilliams/Downloads/clean-bak for old .bak files...
Backup cleanup complete ✅
Cleaning /Users/dwightwilliams/Downloads/clean-bak for old .bak files...
Backup cleanup complete ✅
[2025-05-27 13:57:00] Cleaning /Users/dwightwilliams/Downloads/clean-bak for old .bak files...
[2025-05-27 13:57:00] Backup cleanup complete ✅
Cleaning /Users/dwightwilliams/Downloads/clean-bak for old .bak files...
Backup cleanup complete ✅
Cleaning /Users/dwightwilliams/Downloads/clean-bak for old .bak files...
Backup cleanup complete ✅
[2025-05-27 13:58:00] Cleaning /Users/dwightwilliams/Downloads/clean-bak for old .bak files...
[2025-05-27 13:58:00] Backup cleanup complete ✅
Cleaning /Users/dwightwilliams/Downloads/clean-bak for old .bak files...
Backup cleanup complete ✅
Cleaning /Users/dwightwilliams/Downloads/clean-bak for old .bak files...
Backup cleanup complete ✅
[2025-05-27 13:59:00] Cleaning /Users/dwightwilliams/Downloads/clean-bak for old .bak files...
[2025-05-27 13:59:00] Backup cleanup complete ✅
Cleaning /Users/dwightwilliams/Downloads/clean-bak for old .bak files...
Backup cleanup complete ✅
Cleaning /Users/dwightwilliams/Downloads/clean-bak for old .bak files...
Backup cleanup complete ✅
[2025-05-27 14:00:00] Cleaning /Users/dwightwilliams/Downloads/clean-bak for old .bak files...
[2025-05-27 14:00:00] Backup cleanup complete ✅
Cleaning /Users/dwightwilliams/Downloads/clean-bak for old .bak files...
Backup cleanup complete ✅
Cleaning /Users/dwightwilliams/Downloads/clean-bak for old .bak files...
Backup cleanup complete ✅
[2025-05-27 14:01:00] Cleaning /Users/dwightwilliams/Downloads/clean-bak for old .bak files...
[2025-05-27 14:01:00] Backup cleanup complete ✅
Cleaning /Users/dwightwilliams/Downloads/clean-bak for old .bak files...
Backup cleanup complete ✅
Cleaning /Users/dwightwilliams/Downloads/clean-bak for old .bak files...
Backup cleanup complete ✅
[2025-05-27 14:02:00] Cleaning /Users/dwightwilliams/Downloads/clean-bak for old .bak files...
[2025-05-27 14:02:00] Backup cleanup complete ✅
Cleaning /Users/dwightwilliams/Downloads/clean-bak for old .bak files...
Backup cleanup complete ✅
Cleaning /Users/dwightwilliams/Downloads/clean-bak for old .bak files...
Backup cleanup complete ✅
[2025-05-27 14:03:01] Cleaning /Users/dwightwilliams/Downloads/clean-bak for old .bak files...
[2025-05-27 14:03:01] Backup cleanup complete ✅
Cleaning /Users/dwightwilliams/Downloads/clean-bak for old .bak files...
Backup cleanup complete ✅
Cleaning /Users/dwightwilliams/Downloads/clean-bak for old .bak files...
Backup cleanup complete ✅
[2025-05-27 14:04:00] Cleaning /Users/dwightwilliams/Downloads/clean-bak for old .bak files...
[2025-05-27 14:04:00] Backup cleanup complete ✅
Cleaning /Users/dwightwilliams/Downloads/clean-bak for old .bak files...
Backup cleanup complete ✅
Cleaning /Users/dwightwilliams/Downloads/clean-bak for old .bak files...
Backup cleanup complete ✅
[2025-05-27 14:05:00] Cleaning /Users/dwightwilliams/Downloads/clean-bak for old .bak files...
[2025-05-27 14:05:00] Backup cleanup complete ✅
Cleaning /Users/dwightwilliams/Downloads/clean-bak for old .bak files...
Backup cleanup complete ✅
Cleaning /Users/dwightwilliams/Downloads/clean-bak for old .bak files...
Backup cleanup complete ✅
[2025-05-27 14:06:00] Cleaning /Users/dwightwilliams/Downloads/clean-bak for old .bak files...
[2025-05-27 14:06:00] Backup cleanup complete ✅
Cleaning /Users/dwightwilliams/Downloads/clean-bak for old .bak files...
Backup cleanup complete ✅
Cleaning /Users/dwightwilliams/Downloads/clean-bak for old .bak files...
Backup cleanup complete ✅
[2025-05-27 14:07:00] Cleaning /Users/dwightwilliams/Downloads/clean-bak for old .bak files...
[2025-05-27 14:07:00] Backup cleanup complete ✅
Cleaning /Users/dwightwilliams/Downloads/clean-bak for old .bak files...
Backup cleanup complete ✅
Cleaning /Users/dwightwilliams/Downloads/clean-bak for old .bak files...
Backup cleanup complete ✅
[2025-05-27 14:08:01] Cleaning /Users/dwightwilliams/Downloads/clean-bak for old .bak files...
[2025-05-27 14:08:01] Backup cleanup complete ✅
Cleaning /Users/dwightwilliams/Downloads/clean-bak for old .bak files...
Backup cleanup complete ✅
Cleaning /Users/dwightwilliams/Downloads/clean-bak for old .bak files...
Backup cleanup complete ✅
[2025-05-27 14:09:00] Cleaning /Users/dwightwilliams/Downloads/clean-bak for old .bak files...
[2025-05-27 14:09:00] Backup cleanup complete ✅
Cleaning /Users/dwightwilliams/Downloads/clean-bak for old .bak files...
Backup cleanup complete ✅
Cleaning /Users/dwightwilliams/Downloads/clean-bak for old .bak files...
Backup cleanup complete ✅
[2025-05-27 14:10:00] Cleaning /Users/dwightwilliams/Downloads/clean-bak for old .bak files...
[2025-05-27 14:10:00] Backup cleanup complete ✅
Cleaning /Users/dwightwilliams/Downloads/clean-bak for old .bak files...
Backup cleanup complete ✅
Cleaning /Users/dwightwilliams/Downloads/clean-bak for old .bak files...
Backup cleanup complete ✅
[2025-05-27 14:11:00] Cleaning /Users/dwightwilliams/Downloads/clean-bak for old .bak files...
[2025-05-27 14:11:00] Backup cleanup complete ✅
Cleaning /Users/dwightwilliams/Downloads/clean-bak for old .bak files...
Backup cleanup complete ✅
Cleaning /Users/dwightwilliams/Downloads/clean-bak for old .bak files...
Backup cleanup complete ✅
[2025-05-27 14:12:00] Cleaning /Users/dwightwilliams/Downloads/clean-bak for old .bak files...
[2025-05-27 14:12:00] Backup cleanup complete ✅
Cleaning /Users/dwightwilliams/Downloads/clean-bak for old .bak files...
Backup cleanup complete ✅
Cleaning /Users/dwightwilliams/Downloads/clean-bak for old .bak files...
Backup cleanup complete ✅
[2025-05-27 14:13:01] Cleaning /Users/dwightwilliams/Downloads/clean-bak for old .bak files...
[2025-05-27 14:13:01] Backup cleanup complete ✅
Cleaning /Users/dwightwilliams/Downloads/clean-bak for old .bak files...
Backup cleanup complete ✅
Cleaning /Users/dwightwilliams/Downloads/clean-bak for old .bak files...
Backup cleanup complete ✅
[2025-05-27 14:14:00] Cleaning /Users/dwightwilliams/Downloads/clean-bak for old .bak files...
[2025-05-27 14:14:00] Backup cleanup complete ✅
Cleaning /Users/dwightwilliams/Downloads/clean-bak for old .bak files...
Backup cleanup complete ✅
Cleaning /Users/dwightwilliams/Downloads/clean-bak for old .bak files...
Backup cleanup complete ✅
[2025-05-27 14:15:00] Cleaning /Users/dwightwilliams/Downloads/clean-bak for old .bak files...
[2025-05-27 14:15:00] Backup cleanup complete ✅
Cleaning /Users/dwightwilliams/Downloads/clean-bak for old .bak files...
Backup cleanup complete ✅
Cleaning /Users/dwightwilliams/Downloads/clean-bak for old .bak files...
Backup cleanup complete ✅
[2025-05-27 14:16:00] Cleaning /Users/dwightwilliams/Downloads/clean-bak for old .bak files...
[2025-05-27 14:16:00] Backup cleanup complete ✅
Cleaning /Users/dwightwilliams/Downloads/clean-bak for old .bak files...
Backup cleanup complete ✅
Cleaning /Users/dwightwilliams/Downloads/clean-bak for old .bak files...
Backup cleanup complete ✅
[2025-05-27 14:17:00] Cleaning /Users/dwightwilliams/Downloads/clean-bak for old .bak files...
[2025-05-27 14:17:01] Backup cleanup complete ✅
Cleaning /Users/dwightwilliams/Downloads/clean-bak for old .bak files...
Backup cleanup complete ✅
Cleaning /Users/dwightwilliams/Downloads/clean-bak for old .bak files...
Backup cleanup complete ✅
[2025-05-27 14:18:00] Cleaning /Users/dwightwilliams/Downloads/clean-bak for old .bak files...
[2025-05-27 14:18:00] Backup cleanup complete ✅
Cleaning /Users/dwightwilliams/Downloads/clean-bak for old .bak files...
Backup cleanup complete ✅
Cleaning /Users/dwightwilliams/Downloads/clean-bak for old .bak files...
Backup cleanup complete ✅
[2025-05-27 14:19:00] Cleaning /Users/dwightwilliams/Downloads/clean-bak for old .bak files...
[2025-05-27 14:19:00] Backup cleanup complete ✅
Cleaning /Users/dwightwilliams/Downloads/clean-bak for old .bak files...
Backup cleanup complete ✅
Cleaning /Users/dwightwilliams/Downloads/clean-bak for old .bak files...
Backup cleanup complete ✅
[2025-05-27 14:20:00] Cleaning /Users/dwightwilliams/Downloads/clean-bak for old .bak files...
[2025-05-27 14:20:00] Backup cleanup complete ✅
Cleaning /Users/dwightwilliams/Downloads/clean-bak for old .bak files...
Backup cleanup complete ✅
Cleaning /Users/dwightwilliams/Downloads/clean-bak for old .bak files...
Backup cleanup complete ✅
[2025-05-27 14:21:00] Cleaning /Users/dwightwilliams/Downloads/clean-bak for old .bak files...
[2025-05-27 14:21:00] Backup cleanup complete ✅
Cleaning /Users/dwightwilliams/Downloads/clean-bak for old .bak files...
Backup cleanup complete ✅
Cleaning /Users/dwightwilliams/Downloads/clean-bak for old .bak files...
Backup cleanup complete ✅
[2025-05-27 14:22:00] Cleaning /Users/dwightwilliams/Downloads/clean-bak for old .bak files...
[2025-05-27 14:22:00] Backup cleanup complete ✅
Cleaning /Users/dwightwilliams/Downloads/clean-bak for old .bak files...
Backup cleanup complete ✅
Cleaning /Users/dwightwilliams/Downloads/clean-bak for old .bak files...
Backup cleanup complete ✅
[2025-05-27 14:23:01] Cleaning /Users/dwightwilliams/Downloads/clean-bak for old .bak files...
[2025-05-27 14:23:01] Backup cleanup complete ✅
Cleaning /Users/dwightwilliams/Downloads/clean-bak for old .bak files...
Backup cleanup complete ✅
Cleaning /Users/dwightwilliams/Downloads/clean-bak for old .bak files...
Backup cleanup complete ✅
[2025-05-27 14:24:00] Cleaning /Users/dwightwilliams/Downloads/clean-bak for old .bak files...
[2025-05-27 14:24:00] Backup cleanup complete ✅
Cleaning /Users/dwightwilliams/Downloads/clean-bak for old .bak files...
Backup cleanup complete ✅
Cleaning /Users/dwightwilliams/Downloads/clean-bak for old .bak files...
Backup cleanup complete ✅
[2025-05-27 14:25:00] Cleaning /Users/dwightwilliams/Downloads/clean-bak for old .bak files...
[2025-05-27 14:25:00] Backup cleanup complete ✅
Cleaning /Users/dwightwilliams/Downloads/clean-bak for old .bak files...
Backup cleanup complete ✅
Cleaning /Users/dwightwilliams/Downloads/clean-bak for old .bak files...
Backup cleanup complete ✅
[2025-05-27 14:26:00] Cleaning /Users/dwightwilliams/Downloads/clean-bak for old .bak files...
[2025-05-27 14:26:00] Backup cleanup complete ✅
Cleaning /Users/dwightwilliams/Downloads/clean-bak for old .bak files...
Backup cleanup complete ✅
Cleaning /Users/dwightwilliams/Downloads/clean-bak for old .bak files...
Backup cleanup complete ✅
[2025-05-27 14:27:00] Cleaning /Users/dwightwilliams/Downloads/clean-bak for old .bak files...
[2025-05-27 14:27:00] Backup cleanup complete ✅
Cleaning /Users/dwightwilliams/Downloads/clean-bak for old .bak files...
Backup cleanup complete ✅
Cleaning /Users/dwightwilliams/Downloads/clean-bak for old .bak files...
Backup cleanup complete ✅
[2025-05-27 14:28:03] Cleaning /Users/dwightwilliams/Downloads/clean-bak for old .bak files...
[2025-05-27 14:28:03] Backup cleanup complete ✅
Cleaning /Users/dwightwilliams/Downloads/clean-bak for old .bak files...
Backup cleanup complete ✅
Cleaning /Users/dwightwilliams/Downloads/clean-bak for old .bak files...
Backup cleanup complete ✅
[2025-05-27 14:29:00] Cleaning /Users/dwightwilliams/Downloads/clean-bak for old .bak files...
[2025-05-27 14:29:00] Backup cleanup complete ✅
Cleaning /Users/dwightwilliams/Downloads/clean-bak for old .bak files...
Backup cleanup complete ✅
Cleaning /Users/dwightwilliams/Downloads/clean-bak for old .bak files...
Backup cleanup complete ✅
[2025-05-27 14:30:01] Cleaning /Users/dwightwilliams/Downloads/clean-bak for old .bak files...
[2025-05-27 14:30:01] Backup cleanup complete ✅
Cleaning /Users/dwightwilliams/Downloads/clean-bak for old .bak files...
Backup cleanup complete ✅
Cleaning /Users/dwightwilliams/Downloads/clean-bak for old .bak files...
Backup cleanup complete ✅
[2025-05-27 14:31:00] Cleaning /Users/dwightwilliams/Downloads/clean-bak for old .bak files...
[2025-05-27 14:31:00] Backup cleanup complete ✅
Cleaning /Users/dwightwilliams/Downloads/clean-bak for old .bak files...
Backup cleanup complete ✅
Cleaning /Users/dwightwilliams/Downloads/clean-bak for old .bak files...
Backup cleanup complete ✅
[2025-05-27 14:32:00] Cleaning /Users/dwightwilliams/Downloads/clean-bak for old .bak files...
[2025-05-27 14:32:00] Backup cleanup complete ✅
Cleaning /Users/dwightwilliams/Downloads/clean-bak for old .bak files...
Backup cleanup complete ✅
Cleaning /Users/dwightwilliams/Downloads/clean-bak for old .bak files...
Backup cleanup complete ✅
[2025-05-27 14:33:00] Cleaning /Users/dwightwilliams/Downloads/clean-bak for old .bak files...
[2025-05-27 14:33:00] Backup cleanup complete ✅
Cleaning /Users/dwightwilliams/Downloads/clean-bak for old .bak files...
Backup cleanup complete ✅
Cleaning /Users/dwightwilliams/Downloads/clean-bak for old .bak files...
Backup cleanup complete ✅
[2025-05-27 14:34:00] Cleaning /Users/dwightwilliams/Downloads/clean-bak for old .bak files...
[2025-05-27 14:34:00] Backup cleanup complete ✅
Cleaning /Users/dwightwilliams/Downloads/clean-bak for old .bak files...
Backup cleanup complete ✅
Cleaning /Users/dwightwilliams/Downloads/clean-bak for old .bak files...
Backup cleanup complete ✅
[2025-05-27 14:35:01] Cleaning /Users/dwightwilliams/Downloads/clean-bak for old .bak files...
[2025-05-27 14:35:01] Backup cleanup complete ✅
Cleaning /Users/dwightwilliams/Downloads/clean-bak for old .bak files...
Backup cleanup complete ✅
Cleaning /Users/dwightwilliams/Downloads/clean-bak for old .bak files...
Backup cleanup complete ✅
[2025-05-27 14:36:00] Cleaning /Users/dwightwilliams/Downloads/clean-bak for old .bak files...
[2025-05-27 14:36:00] Backup cleanup complete ✅
Cleaning /Users/dwightwilliams/Downloads/clean-bak for old .bak files...
Backup cleanup complete ✅
Cleaning /Users/dwightwilliams/Downloads/clean-bak for old .bak files...
Backup cleanup complete ✅
[2025-05-27 14:37:00] Cleaning /Users/dwightwilliams/Downloads/clean-bak for old .bak files...
[2025-05-27 14:37:00] Backup cleanup complete ✅
Cleaning /Users/dwightwilliams/Downloads/clean-bak for old .bak files...
Backup cleanup complete ✅
Cleaning /Users/dwightwilliams/Downloads/clean-bak for old .bak files...
Backup cleanup complete ✅
[2025-05-27 14:38:00] Cleaning /Users/dwightwilliams/Downloads/clean-bak for old .bak files...
[2025-05-27 14:38:00] Backup cleanup complete ✅
Cleaning /Users/dwightwilliams/Downloads/clean-bak for old .bak files...
Backup cleanup complete ✅
Cleaning /Users/dwightwilliams/Downloads/clean-bak for old .bak files...
Backup cleanup complete ✅
[2025-05-27 14:39:00] Cleaning /Users/dwightwilliams/Downloads/clean-bak for old .bak files...
[2025-05-27 14:39:01] Backup cleanup complete ✅
Cleaning /Users/dwightwilliams/Downloads/clean-bak for old .bak files...
Backup cleanup complete ✅
Cleaning /Users/dwightwilliams/Downloads/clean-bak for old .bak files...
Backup cleanup complete ✅
[2025-05-27 14:40:00] Cleaning /Users/dwightwilliams/Downloads/clean-bak for old .bak files...
[2025-05-27 14:40:00] Backup cleanup complete ✅
Cleaning /Users/dwightwilliams/Downloads/clean-bak for old .bak files...
Backup cleanup complete ✅
Cleaning /Users/dwightwilliams/Downloads/clean-bak for old .bak files...
Backup cleanup complete ✅
[2025-05-27 14:56:27] Cleaning /Users/dwightwilliams/Downloads/clean-bak for old .bak files...
[2025-05-27 14:56:27] Backup cleanup complete ✅
Cleaning /Users/dwightwilliams/Downloads/clean-bak for old .bak files...
Backup cleanup complete ✅
Cleaning /Users/dwightwilliams/Downloads/clean-bak for old .bak files...
Backup cleanup complete ✅
[2025-05-27 14:57:00] Cleaning /Users/dwightwilliams/Downloads/clean-bak for old .bak files...
[2025-05-27 14:57:00] Backup cleanup complete ✅
Cleaning /Users/dwightwilliams/Downloads/clean-bak for old .bak files...
Backup cleanup complete ✅
Cleaning /Users/dwightwilliams/Downloads/clean-bak for old .bak files...
Backup cleanup complete ✅
[2025-05-27 14:58:00] Cleaning /Users/dwightwilliams/Downloads/clean-bak for old .bak files...
[2025-05-27 14:58:00] Backup cleanup complete ✅
Cleaning /Users/dwightwilliams/Downloads/clean-bak for old .bak files...
Backup cleanup complete ✅
Cleaning /Users/dwightwilliams/Downloads/clean-bak for old .bak files...
Backup cleanup complete ✅
[2025-05-27 14:59:00] Cleaning /Users/dwightwilliams/Downloads/clean-bak for old .bak files...
[2025-05-27 14:59:00] Backup cleanup complete ✅
Cleaning /Users/dwightwilliams/Downloads/clean-bak for old .bak files...
Backup cleanup complete ✅
Cleaning /Users/dwightwilliams/Downloads/clean-bak for old .bak files...
Backup cleanup complete ✅
[2025-05-27 15:00:00] Cleaning /Users/dwightwilliams/Downloads/clean-bak for old .bak files...
[2025-05-27 15:00:00] Backup cleanup complete ✅
Cleaning /Users/dwightwilliams/Downloads/clean-bak for old .bak files...
Backup cleanup complete ✅
Cleaning /Users/dwightwilliams/Downloads/clean-bak for old .bak files...
Backup cleanup complete ✅
[2025-05-27 15:01:00] Cleaning /Users/dwightwilliams/Downloads/clean-bak for old .bak files...
[2025-05-27 15:01:00] Backup cleanup complete ✅
Cleaning /Users/dwightwilliams/Downloads/clean-bak for old .bak files...
Backup cleanup complete ✅
Cleaning /Users/dwightwilliams/Downloads/clean-bak for old .bak files...
Backup cleanup complete ✅
[2025-05-27 15:02:00] Cleaning /Users/dwightwilliams/Downloads/clean-bak for old .bak files...
[2025-05-27 15:02:00] Backup cleanup complete ✅
Cleaning /Users/dwightwilliams/Downloads/clean-bak for old .bak files...
Backup cleanup complete ✅
Cleaning /Users/dwightwilliams/Downloads/clean-bak for old .bak files...
Backup cleanup complete ✅
[2025-05-27 15:03:00] Cleaning /Users/dwightwilliams/Downloads/clean-bak for old .bak files...
[2025-05-27 15:03:00] Backup cleanup complete ✅
Cleaning /Users/dwightwilliams/Downloads/clean-bak for old .bak files...
Backup cleanup complete ✅
Cleaning /Users/dwightwilliams/Downloads/clean-bak for old .bak files...
Backup cleanup complete ✅
[2025-05-27 15:04:00] Cleaning /Users/dwightwilliams/Downloads/clean-bak for old .bak files...
[2025-05-27 15:04:00] Backup cleanup complete ✅
Cleaning /Users/dwightwilliams/Downloads/clean-bak for old .bak files...
Backup cleanup complete ✅
Cleaning /Users/dwightwilliams/Downloads/clean-bak for old .bak files...
Backup cleanup complete ✅
[2025-05-27 15:05:00] Cleaning /Users/dwightwilliams/Downloads/clean-bak for old .bak files...
[2025-05-27 15:05:00] Backup cleanup complete ✅
Cleaning /Users/dwightwilliams/Downloads/clean-bak for old .bak files...
Backup cleanup complete ✅
Cleaning /Users/dwightwilliams/Downloads/clean-bak for old .bak files...
Backup cleanup complete ✅
[2025-05-27 15:06:01] Cleaning /Users/dwightwilliams/Downloads/clean-bak for old .bak files...
[2025-05-27 15:06:01] Backup cleanup complete ✅
Cleaning /Users/dwightwilliams/Downloads/clean-bak for old .bak files...
Backup cleanup complete ✅
Cleaning /Users/dwightwilliams/Downloads/clean-bak for old .bak files...
Backup cleanup complete ✅
[2025-05-27 15:07:00] Cleaning /Users/dwightwilliams/Downloads/clean-bak for old .bak files...
[2025-05-27 15:07:00] Backup cleanup complete ✅
Cleaning /Users/dwightwilliams/Downloads/clean-bak for old .bak files...
Backup cleanup complete ✅
Cleaning /Users/dwightwilliams/Downloads/clean-bak for old .bak files...
Backup cleanup complete ✅
[2025-05-27 15:08:00] Cleaning /Users/dwightwilliams/Downloads/clean-bak for old .bak files...
[2025-05-27 15:08:00] Backup cleanup complete ✅
Cleaning /Users/dwightwilliams/Downloads/clean-bak for old .bak files...
Backup cleanup complete ✅
Cleaning /Users/dwightwilliams/Downloads/clean-bak for old .bak files...
Backup cleanup complete ✅
[2025-05-27 15:09:00] Cleaning /Users/dwightwilliams/Downloads/clean-bak for old .bak files...
[2025-05-27 15:09:00] Backup cleanup complete ✅
Cleaning /Users/dwightwilliams/Downloads/clean-bak for old .bak files...
Backup cleanup complete ✅
Cleaning /Users/dwightwilliams/Downloads/clean-bak for old .bak files...
Backup cleanup complete ✅
[2025-05-27 15:10:00] Cleaning /Users/dwightwilliams/Downloads/clean-bak for old .bak files...
[2025-05-27 15:10:00] Backup cleanup complete ✅
Cleaning /Users/dwightwilliams/Downloads/clean-bak for old .bak files...
Backup cleanup complete ✅
Cleaning /Users/dwightwilliams/Downloads/clean-bak for old .bak files...
Backup cleanup complete ✅
[2025-05-27 15:11:00] Cleaning /Users/dwightwilliams/Downloads/clean-bak for old .bak files...
[2025-05-27 15:11:01] Backup cleanup complete ✅
Cleaning /Users/dwightwilliams/Downloads/clean-bak for old .bak files...
Backup cleanup complete ✅
Cleaning /Users/dwightwilliams/Downloads/clean-bak for old .bak files...
Backup cleanup complete ✅
[2025-05-27 15:12:00] Cleaning /Users/dwightwilliams/Downloads/clean-bak for old .bak files...
[2025-05-27 15:12:00] Backup cleanup complete ✅
Cleaning /Users/dwightwilliams/Downloads/clean-bak for old .bak files...
Backup cleanup complete ✅
Cleaning /Users/dwightwilliams/Downloads/clean-bak for old .bak files...
Backup cleanup complete ✅
[2025-05-27 15:13:00] Cleaning /Users/dwightwilliams/Downloads/clean-bak for old .bak files...
[2025-05-27 15:13:00] Backup cleanup complete ✅
Cleaning /Users/dwightwilliams/Downloads/clean-bak for old .bak files...
Backup cleanup complete ✅
Cleaning /Users/dwightwilliams/Downloads/clean-bak for old .bak files...
Backup cleanup complete ✅
[2025-05-27 15:14:00] Cleaning /Users/dwightwilliams/Downloads/clean-bak for old .bak files...
[2025-05-27 15:14:00] Backup cleanup complete ✅
Cleaning /Users/dwightwilliams/Downloads/clean-bak for old .bak files...
Backup cleanup complete ✅
Cleaning /Users/dwightwilliams/Downloads/clean-bak for old .bak files...
Backup cleanup complete ✅
[2025-05-27 15:15:00] Cleaning /Users/dwightwilliams/Downloads/clean-bak for old .bak files...
[2025-05-27 15:15:00] Backup cleanup complete ✅
Cleaning /Users/dwightwilliams/Downloads/clean-bak for old .bak files...
Backup cleanup complete ✅
Cleaning /Users/dwightwilliams/Downloads/clean-bak for old .bak files...
Backup cleanup complete ✅
[2025-05-27 15:16:01] Cleaning /Users/dwightwilliams/Downloads/clean-bak for old .bak files...
[2025-05-27 15:16:01] Backup cleanup complete ✅
Cleaning /Users/dwightwilliams/Downloads/clean-bak for old .bak files...
Backup cleanup complete ✅
Cleaning /Users/dwightwilliams/Downloads/clean-bak for old .bak files...
Backup cleanup complete ✅
[2025-05-27 15:17:00] Cleaning /Users/dwightwilliams/Downloads/clean-bak for old .bak files...
[2025-05-27 15:17:00] Backup cleanup complete ✅
Cleaning /Users/dwightwilliams/Downloads/clean-bak for old .bak files...
Backup cleanup complete ✅
Cleaning /Users/dwightwilliams/Downloads/clean-bak for old .bak files...
Backup cleanup complete ✅
[2025-05-27 15:18:00] Cleaning /Users/dwightwilliams/Downloads/clean-bak for old .bak files...
[2025-05-27 15:18:00] Backup cleanup complete ✅
Cleaning /Users/dwightwilliams/Downloads/clean-bak for old .bak files...
Backup cleanup complete ✅
Cleaning /Users/dwightwilliams/Downloads/clean-bak for old .bak files...
Backup cleanup complete ✅
[2025-05-27 15:19:00] Cleaning /Users/dwightwilliams/Downloads/clean-bak for old .bak files...
[2025-05-27 15:19:00] Backup cleanup complete ✅
Cleaning /Users/dwightwilliams/Downloads/clean-bak for old .bak files...
Backup cleanup complete ✅
Cleaning /Users/dwightwilliams/Downloads/clean-bak for old .bak files...
Backup cleanup complete ✅
[2025-05-27 15:20:00] Cleaning /Users/dwightwilliams/Downloads/clean-bak for old .bak files...
[2025-05-27 15:20:00] Backup cleanup complete ✅
Cleaning /Users/dwightwilliams/Downloads/clean-bak for old .bak files...
Backup cleanup complete ✅
Cleaning /Users/dwightwilliams/Downloads/clean-bak for old .bak files...
Backup cleanup complete ✅
[2025-05-27 15:21:00] Cleaning /Users/dwightwilliams/Downloads/clean-bak for old .bak files...
[2025-05-27 15:21:00] Backup cleanup complete ✅
Cleaning /Users/dwightwilliams/Downloads/clean-bak for old .bak files...
Backup cleanup complete ✅
Cleaning /Users/dwightwilliams/Downloads/clean-bak for old .bak files...
Backup cleanup complete ✅
[2025-05-27 15:22:00] Cleaning /Users/dwightwilliams/Downloads/clean-bak for old .bak files...
[2025-05-27 15:22:00] Backup cleanup complete ✅
Cleaning /Users/dwightwilliams/Downloads/clean-bak for old .bak files...
Backup cleanup complete ✅
Cleaning /Users/dwightwilliams/Downloads/clean-bak for old .bak files...
Backup cleanup complete ✅
[2025-05-27 15:23:00] Cleaning /Users/dwightwilliams/Downloads/clean-bak for old .bak files...
[2025-05-27 15:23:00] Backup cleanup complete ✅
Cleaning /Users/dwightwilliams/Downloads/clean-bak for old .bak files...
Backup cleanup complete ✅
Cleaning /Users/dwightwilliams/Downloads/clean-bak for old .bak files...
Backup cleanup complete ✅
[2025-05-27 15:24:00] Cleaning /Users/dwightwilliams/Downloads/clean-bak for old .bak files...
[2025-05-27 15:24:00] Backup cleanup complete ✅
Cleaning /Users/dwightwilliams/Downloads/clean-bak for old .bak files...
Backup cleanup complete ✅
Cleaning /Users/dwightwilliams/Downloads/clean-bak for old .bak files...
Backup cleanup complete ✅
[2025-05-27 15:25:00] Cleaning /Users/dwightwilliams/Downloads/clean-bak for old .bak files...
[2025-05-27 15:25:00] Backup cleanup complete ✅
Cleaning /Users/dwightwilliams/Downloads/clean-bak for old .bak files...
Backup cleanup complete ✅
Cleaning /Users/dwightwilliams/Downloads/clean-bak for old .bak files...
Backup cleanup complete ✅
[2025-05-27 15:26:00] Cleaning /Users/dwightwilliams/Downloads/clean-bak for old .bak files...
[2025-05-27 15:26:01] Backup cleanup complete ✅
Cleaning /Users/dwightwilliams/Downloads/clean-bak for old .bak files...
Backup cleanup complete ✅
Cleaning /Users/dwightwilliams/Downloads/clean-bak for old .bak files...
Backup cleanup complete ✅
[2025-05-27 15:27:00] Cleaning /Users/dwightwilliams/Downloads/clean-bak for old .bak files...
[2025-05-27 15:27:00] Backup cleanup complete ✅
Cleaning /Users/dwightwilliams/Downloads/clean-bak for old .bak files...
Backup cleanup complete ✅
Cleaning /Users/dwightwilliams/Downloads/clean-bak for old .bak files...
Backup cleanup complete ✅
[2025-05-27 15:28:00] Cleaning /Users/dwightwilliams/Downloads/clean-bak for old .bak files...
[2025-05-27 15:28:00] Backup cleanup complete ✅
Cleaning /Users/dwightwilliams/Downloads/clean-bak for old .bak files...
Backup cleanup complete ✅
Cleaning /Users/dwightwilliams/Downloads/clean-bak for old .bak files...
Backup cleanup complete ✅
[2025-05-27 15:29:00] Cleaning /Users/dwightwilliams/Downloads/clean-bak for old .bak files...
[2025-05-27 15:29:00] Backup cleanup complete ✅
Cleaning /Users/dwightwilliams/Downloads/clean-bak for old .bak files...
Backup cleanup complete ✅
Cleaning /Users/dwightwilliams/Downloads/clean-bak for old .bak files...
Backup cleanup complete ✅
[2025-05-27 15:30:00] Cleaning /Users/dwightwilliams/Downloads/clean-bak for old .bak files...
[2025-05-27 15:30:00] Backup cleanup complete ✅
Cleaning /Users/dwightwilliams/Downloads/clean-bak for old .bak files...
Backup cleanup complete ✅
Cleaning /Users/dwightwilliams/Downloads/clean-bak for old .bak files...
Backup cleanup complete ✅
[2025-05-27 15:31:00] Cleaning /Users/dwightwilliams/Downloads/clean-bak for old .bak files...
[2025-05-27 15:31:00] Backup cleanup complete ✅
Cleaning /Users/dwightwilliams/Downloads/clean-bak for old .bak files...
Backup cleanup complete ✅
Cleaning /Users/dwightwilliams/Downloads/clean-bak for old .bak files...
Backup cleanup complete ✅
[2025-05-27 15:32:01] Cleaning /Users/dwightwilliams/Downloads/clean-bak for old .bak files...
[2025-05-27 15:32:01] Backup cleanup complete ✅
Cleaning /Users/dwightwilliams/Downloads/clean-bak for old .bak files...
Backup cleanup complete ✅
Cleaning /Users/dwightwilliams/Downloads/clean-bak for old .bak files...
Backup cleanup complete ✅
[2025-05-27 15:33:00] Cleaning /Users/dwightwilliams/Downloads/clean-bak for old .bak files...
[2025-05-27 15:33:00] Backup cleanup complete ✅
Cleaning /Users/dwightwilliams/Downloads/clean-bak for old .bak files...
Backup cleanup complete ✅
Cleaning /Users/dwightwilliams/Downloads/clean-bak for old .bak files...
Backup cleanup complete ✅
[2025-05-27 15:34:00] Cleaning /Users/dwightwilliams/Downloads/clean-bak for old .bak files...
[2025-05-27 15:34:00] Backup cleanup complete ✅
Cleaning /Users/dwightwilliams/Downloads/clean-bak for old .bak files...
Backup cleanup complete ✅
Cleaning /Users/dwightwilliams/Downloads/clean-bak for old .bak files...
Backup cleanup complete ✅
[2025-05-27 15:35:00] Cleaning /Users/dwightwilliams/Downloads/clean-bak for old .bak files...
[2025-05-27 15:35:00] Backup cleanup complete ✅
Cleaning /Users/dwightwilliams/Downloads/clean-bak for old .bak files...
Backup cleanup complete ✅
Cleaning /Users/dwightwilliams/Downloads/clean-bak for old .bak files...
Backup cleanup complete ✅
[2025-05-27 15:36:00] Cleaning /Users/dwightwilliams/Downloads/clean-bak for old .bak files...
[2025-05-27 15:36:00] Backup cleanup complete ✅
Cleaning /Users/dwightwilliams/Downloads/clean-bak for old .bak files...
Backup cleanup complete ✅
Cleaning /Users/dwightwilliams/Downloads/clean-bak for old .bak files...
Backup cleanup complete ✅
[2025-05-27 15:37:01] Cleaning /Users/dwightwilliams/Downloads/clean-bak for old .bak files...
[2025-05-27 15:37:01] Backup cleanup complete ✅
Cleaning /Users/dwightwilliams/Downloads/clean-bak for old .bak files...
Backup cleanup complete ✅
Cleaning /Users/dwightwilliams/Downloads/clean-bak for old .bak files...
Backup cleanup complete ✅
[2025-05-27 15:38:00] Cleaning /Users/dwightwilliams/Downloads/clean-bak for old .bak files...
[2025-05-27 15:38:00] Backup cleanup complete ✅
Cleaning /Users/dwightwilliams/Downloads/clean-bak for old .bak files...
Backup cleanup complete ✅
Cleaning /Users/dwightwilliams/Downloads/clean-bak for old .bak files...
Backup cleanup complete ✅
[2025-05-27 15:39:00] Cleaning /Users/dwightwilliams/Downloads/clean-bak for old .bak files...
[2025-05-27 15:39:00] Backup cleanup complete ✅
Cleaning /Users/dwightwilliams/Downloads/clean-bak for old .bak files...
Backup cleanup complete ✅
Cleaning /Users/dwightwilliams/Downloads/clean-bak for old .bak files...
Backup cleanup complete ✅
[2025-05-27 15:40:00] Cleaning /Users/dwightwilliams/Downloads/clean-bak for old .bak files...
[2025-05-27 15:40:00] Backup cleanup complete ✅
Cleaning /Users/dwightwilliams/Downloads/clean-bak for old .bak files...
Backup cleanup complete ✅
Cleaning /Users/dwightwilliams/Downloads/clean-bak for old .bak files...
Backup cleanup complete ✅
[2025-05-27 15:41:00] Cleaning /Users/dwightwilliams/Downloads/clean-bak for old .bak files...
[2025-05-27 15:41:00] Backup cleanup complete ✅
Cleaning /Users/dwightwilliams/Downloads/clean-bak for old .bak files...
Backup cleanup complete ✅
Cleaning /Users/dwightwilliams/Downloads/clean-bak for old .bak files...
Backup cleanup complete ✅
[2025-05-27 15:42:00] Cleaning /Users/dwightwilliams/Downloads/clean-bak for old .bak files...
[2025-05-27 15:42:00] Backup cleanup complete ✅
Cleaning /Users/dwightwilliams/Downloads/clean-bak for old .bak files...
Backup cleanup complete ✅
Cleaning /Users/dwightwilliams/Downloads/clean-bak for old .bak files...
Backup cleanup complete ✅
[2025-05-27 15:43:01] Cleaning /Users/dwightwilliams/Downloads/clean-bak for old .bak files...
[2025-05-27 15:43:01] Backup cleanup complete ✅
Cleaning /Users/dwightwilliams/Downloads/clean-bak for old .bak files...
Backup cleanup complete ✅
Cleaning /Users/dwightwilliams/Downloads/clean-bak for old .bak files...
Backup cleanup complete ✅
[2025-05-27 15:44:00] Cleaning /Users/dwightwilliams/Downloads/clean-bak for old .bak files...
[2025-05-27 15:44:00] Backup cleanup complete ✅
Cleaning /Users/dwightwilliams/Downloads/clean-bak for old .bak files...
Backup cleanup complete ✅
Cleaning /Users/dwightwilliams/Downloads/clean-bak for old .bak files...
Backup cleanup complete ✅
[2025-05-27 15:45:00] Cleaning /Users/dwightwilliams/Downloads/clean-bak for old .bak files...
[2025-05-27 15:45:00] Backup cleanup complete ✅
Cleaning /Users/dwightwilliams/Downloads/clean-bak for old .bak files...
Backup cleanup complete ✅
Cleaning /Users/dwightwilliams/Downloads/clean-bak for old .bak files...
Backup cleanup complete ✅
[2025-05-27 15:46:00] Cleaning /Users/dwightwilliams/Downloads/clean-bak for old .bak files...
[2025-05-27 15:46:00] Backup cleanup complete ✅
Cleaning /Users/dwightwilliams/Downloads/clean-bak for old .bak files...
Backup cleanup complete ✅
Cleaning /Users/dwightwilliams/Downloads/clean-bak for old .bak files...
Backup cleanup complete ✅
[2025-05-27 15:47:00] Cleaning /Users/dwightwilliams/Downloads/clean-bak for old .bak files...
[2025-05-27 15:47:00] Backup cleanup complete ✅
Cleaning /Users/dwightwilliams/Downloads/clean-bak for old .bak files...
Backup cleanup complete ✅
Cleaning /Users/dwightwilliams/Downloads/clean-bak for old .bak files...
Backup cleanup complete ✅
[2025-05-27 15:48:00] Cleaning /Users/dwightwilliams/Downloads/clean-bak for old .bak files...
[2025-05-27 15:48:00] Backup cleanup complete ✅
Cleaning /Users/dwightwilliams/Downloads/clean-bak for old .bak files...
Backup cleanup complete ✅
Cleaning /Users/dwightwilliams/Downloads/clean-bak for old .bak files...
Backup cleanup complete ✅
[2025-05-27 15:49:00] Cleaning /Users/dwightwilliams/Downloads/clean-bak for old .bak files...
[2025-05-27 15:49:00] Backup cleanup complete ✅
Cleaning /Users/dwightwilliams/Downloads/clean-bak for old .bak files...
Backup cleanup complete ✅
Cleaning /Users/dwightwilliams/Downloads/clean-bak for old .bak files...
Backup cleanup complete ✅
[2025-05-27 15:50:00] Cleaning /Users/dwightwilliams/Downloads/clean-bak for old .bak files...
[2025-05-27 15:50:00] Backup cleanup complete ✅
Cleaning /Users/dwightwilliams/Downloads/clean-bak for old .bak files...
Backup cleanup complete ✅
Cleaning /Users/dwightwilliams/Downloads/clean-bak for old .bak files...
Backup cleanup complete ✅
[2025-05-27 15:51:00] Cleaning /Users/dwightwilliams/Downloads/clean-bak for old .bak files...
[2025-05-27 15:51:00] Backup cleanup complete ✅
Cleaning /Users/dwightwilliams/Downloads/clean-bak for old .bak files...
Backup cleanup complete ✅
Cleaning /Users/dwightwilliams/Downloads/clean-bak for old .bak files...
Backup cleanup complete ✅
[2025-05-27 15:52:00] Cleaning /Users/dwightwilliams/Downloads/clean-bak for old .bak files...
[2025-05-27 15:52:00] Backup cleanup complete ✅
Cleaning /Users/dwightwilliams/Downloads/clean-bak for old .bak files...
Backup cleanup complete ✅
Cleaning /Users/dwightwilliams/Downloads/clean-bak for old .bak files...
Backup cleanup complete ✅
[2025-05-27 15:53:00] Cleaning /Users/dwightwilliams/Downloads/clean-bak for old .bak files...
[2025-05-27 15:53:01] Backup cleanup complete ✅
Cleaning /Users/dwightwilliams/Downloads/clean-bak for old .bak files...
Backup cleanup complete ✅
Cleaning /Users/dwightwilliams/Downloads/clean-bak for old .bak files...
Backup cleanup complete ✅
[2025-05-27 15:54:00] Cleaning /Users/dwightwilliams/Downloads/clean-bak for old .bak files...
[2025-05-27 15:54:00] Backup cleanup complete ✅
Cleaning /Users/dwightwilliams/Downloads/clean-bak for old .bak files...
Backup cleanup complete ✅
Cleaning /Users/dwightwilliams/Downloads/clean-bak for old .bak files...
Backup cleanup complete ✅
[2025-05-27 15:55:00] Cleaning /Users/dwightwilliams/Downloads/clean-bak for old .bak files...
[2025-05-27 15:55:00] Backup cleanup complete ✅
Cleaning /Users/dwightwilliams/Downloads/clean-bak for old .bak files...
Backup cleanup complete ✅
Cleaning /Users/dwightwilliams/Downloads/clean-bak for old .bak files...
Backup cleanup complete ✅
[2025-05-27 15:56:00] Cleaning /Users/dwightwilliams/Downloads/clean-bak for old .bak files...
[2025-05-27 15:56:00] Backup cleanup complete ✅
Cleaning /Users/dwightwilliams/Downloads/clean-bak for old .bak files...
Backup cleanup complete ✅
Cleaning /Users/dwightwilliams/Downloads/clean-bak for old .bak files...
Backup cleanup complete ✅
[2025-05-27 15:57:00] Cleaning /Users/dwightwilliams/Downloads/clean-bak for old .bak files...
[2025-05-27 15:57:00] Backup cleanup complete ✅
Cleaning /Users/dwightwilliams/Downloads/clean-bak for old .bak files...
Backup cleanup complete ✅
Cleaning /Users/dwightwilliams/Downloads/clean-bak for old .bak files...
Backup cleanup complete ✅
[2025-05-27 15:58:00] Cleaning /Users/dwightwilliams/Downloads/clean-bak for old .bak files...
[2025-05-27 15:58:00] Backup cleanup complete ✅
Cleaning /Users/dwightwilliams/Downloads/clean-bak for old .bak files...
Backup cleanup complete ✅
Cleaning /Users/dwightwilliams/Downloads/clean-bak for old .bak files...
Backup cleanup complete ✅
[2025-05-27 15:59:00] Cleaning /Users/dwightwilliams/Downloads/clean-bak for old .bak files...
[2025-05-27 15:59:00] Backup cleanup complete ✅
Cleaning /Users/dwightwilliams/Downloads/clean-bak for old .bak files...
Backup cleanup complete ✅
Cleaning /Users/dwightwilliams/Downloads/clean-bak for old .bak files...
Backup cleanup complete ✅
[2025-05-27 16:00:00] Cleaning /Users/dwightwilliams/Downloads/clean-bak for old .bak files...
[2025-05-27 16:00:00] Backup cleanup complete ✅
Cleaning /Users/dwightwilliams/Downloads/clean-bak for old .bak files...
Backup cleanup complete ✅
Cleaning /Users/dwightwilliams/Downloads/clean-bak for old .bak files...
Backup cleanup complete ✅
[2025-05-27 16:01:00] Cleaning /Users/dwightwilliams/Downloads/clean-bak for old .bak files...
[2025-05-27 16:01:00] Backup cleanup complete ✅
Cleaning /Users/dwightwilliams/Downloads/clean-bak for old .bak files...
Backup cleanup complete ✅
Cleaning /Users/dwightwilliams/Downloads/clean-bak for old .bak files...
Backup cleanup complete ✅
[2025-05-27 16:02:01] Cleaning /Users/dwightwilliams/Downloads/clean-bak for old .bak files...
[2025-05-27 16:02:01] Backup cleanup complete ✅
Cleaning /Users/dwightwilliams/Downloads/clean-bak for old .bak files...
Backup cleanup complete ✅
Cleaning /Users/dwightwilliams/Downloads/clean-bak for old .bak files...
Backup cleanup complete ✅
[2025-05-27 16:03:00] Cleaning /Users/dwightwilliams/Downloads/clean-bak for old .bak files...
[2025-05-27 16:03:00] Backup cleanup complete ✅
Cleaning /Users/dwightwilliams/Downloads/clean-bak for old .bak files...
Backup cleanup complete ✅
Cleaning /Users/dwightwilliams/Downloads/clean-bak for old .bak files...
Backup cleanup complete ✅
[2025-05-27 16:04:00] Cleaning /Users/dwightwilliams/Downloads/clean-bak for old .bak files...
[2025-05-27 16:04:00] Backup cleanup complete ✅
Cleaning /Users/dwightwilliams/Downloads/clean-bak for old .bak files...
Backup cleanup complete ✅
Cleaning /Users/dwightwilliams/Downloads/clean-bak for old .bak files...
Backup cleanup complete ✅
[2025-05-27 16:05:00] Cleaning /Users/dwightwilliams/Downloads/clean-bak for old .bak files...
[2025-05-27 16:05:00] Backup cleanup complete ✅
Cleaning /Users/dwightwilliams/Downloads/clean-bak for old .bak files...
Backup cleanup complete ✅
Cleaning /Users/dwightwilliams/Downloads/clean-bak for old .bak files...
Backup cleanup complete ✅
[2025-05-27 16:06:00] Cleaning /Users/dwightwilliams/Downloads/clean-bak for old .bak files...
[2025-05-27 16:06:00] Backup cleanup complete ✅
Cleaning /Users/dwightwilliams/Downloads/clean-bak for old .bak files...
Backup cleanup complete ✅
Cleaning /Users/dwightwilliams/Downloads/clean-bak for old .bak files...
Backup cleanup complete ✅
[2025-05-27 16:07:00] Cleaning /Users/dwightwilliams/Downloads/clean-bak for old .bak files...
[2025-05-27 16:07:00] Backup cleanup complete ✅
Cleaning /Users/dwightwilliams/Downloads/clean-bak for old .bak files...
Backup cleanup complete ✅
Cleaning /Users/dwightwilliams/Downloads/clean-bak for old .bak files...
Backup cleanup complete ✅
[2025-05-27 16:08:00] Cleaning /Users/dwightwilliams/Downloads/clean-bak for old .bak files...
[2025-05-27 16:08:00] Backup cleanup complete ✅
Cleaning /Users/dwightwilliams/Downloads/clean-bak for old .bak files...
Backup cleanup complete ✅
Cleaning /Users/dwightwilliams/Downloads/clean-bak for old .bak files...
Backup cleanup complete ✅
[2025-05-27 16:09:00] Cleaning /Users/dwightwilliams/Downloads/clean-bak for old .bak files...
[2025-05-27 16:09:00] Backup cleanup complete ✅
Cleaning /Users/dwightwilliams/Downloads/clean-bak for old .bak files...
Backup cleanup complete ✅
Cleaning /Users/dwightwilliams/Downloads/clean-bak for old .bak files...
Backup cleanup complete ✅
[2025-05-27 16:10:00] Cleaning /Users/dwightwilliams/Downloads/clean-bak for old .bak files...
[2025-05-27 16:10:00] Backup cleanup complete ✅
Cleaning /Users/dwightwilliams/Downloads/clean-bak for old .bak files...
Backup cleanup complete ✅
Cleaning /Users/dwightwilliams/Downloads/clean-bak for old .bak files...
Backup cleanup complete ✅
[2025-05-27 16:11:00] Cleaning /Users/dwightwilliams/Downloads/clean-bak for old .bak files...
[2025-05-27 16:11:00] Backup cleanup complete ✅
Cleaning /Users/dwightwilliams/Downloads/clean-bak for old .bak files...
Backup cleanup complete ✅
Cleaning /Users/dwightwilliams/Downloads/clean-bak for old .bak files...
Backup cleanup complete ✅
[2025-05-27 16:12:00] Cleaning /Users/dwightwilliams/Downloads/clean-bak for old .bak files...
[2025-05-27 16:12:00] Backup cleanup complete ✅
Cleaning /Users/dwightwilliams/Downloads/clean-bak for old .bak files...
Backup cleanup complete ✅
Cleaning /Users/dwightwilliams/Downloads/clean-bak for old .bak files...
Backup cleanup complete ✅
[2025-05-27 16:13:01] Cleaning /Users/dwightwilliams/Downloads/clean-bak for old .bak files...
[2025-05-27 16:13:01] Backup cleanup complete ✅
Cleaning /Users/dwightwilliams/Downloads/clean-bak for old .bak files...
Backup cleanup complete ✅
Cleaning /Users/dwightwilliams/Downloads/clean-bak for old .bak files...
Backup cleanup complete ✅
[2025-05-27 16:14:00] Cleaning /Users/dwightwilliams/Downloads/clean-bak for old .bak files...
[2025-05-27 16:14:00] Backup cleanup complete ✅
Cleaning /Users/dwightwilliams/Downloads/clean-bak for old .bak files...
Backup cleanup complete ✅
Cleaning /Users/dwightwilliams/Downloads/clean-bak for old .bak files...
Backup cleanup complete ✅
[2025-05-27 16:15:00] Cleaning /Users/dwightwilliams/Downloads/clean-bak for old .bak files...
[2025-05-27 16:15:00] Backup cleanup complete ✅
Cleaning /Users/dwightwilliams/Downloads/clean-bak for old .bak files...
Backup cleanup complete ✅
Cleaning /Users/dwightwilliams/Downloads/clean-bak for old .bak files...
Backup cleanup complete ✅
[2025-05-27 16:16:00] Cleaning /Users/dwightwilliams/Downloads/clean-bak for old .bak files...
[2025-05-27 16:16:00] Backup cleanup complete ✅
Cleaning /Users/dwightwilliams/Downloads/clean-bak for old .bak files...
Backup cleanup complete ✅
Cleaning /Users/dwightwilliams/Downloads/clean-bak for old .bak files...
Backup cleanup complete ✅
[2025-05-27 16:17:01] Cleaning /Users/dwightwilliams/Downloads/clean-bak for old .bak files...
[2025-05-27 16:17:01] Backup cleanup complete ✅
Cleaning /Users/dwightwilliams/Downloads/clean-bak for old .bak files...
Backup cleanup complete ✅
Cleaning /Users/dwightwilliams/Downloads/clean-bak for old .bak files...
Backup cleanup complete ✅
[2025-05-27 16:18:00] Cleaning /Users/dwightwilliams/Downloads/clean-bak for old .bak files...
[2025-05-27 16:18:00] Backup cleanup complete ✅
Cleaning /Users/dwightwilliams/Downloads/clean-bak for old .bak files...
Backup cleanup complete ✅
Cleaning /Users/dwightwilliams/Downloads/clean-bak for old .bak files...
Backup cleanup complete ✅
[2025-05-27 16:19:01] Cleaning /Users/dwightwilliams/Downloads/clean-bak for old .bak files...
[2025-05-27 16:19:02] Backup cleanup complete ✅
Cleaning /Users/dwightwilliams/Downloads/clean-bak for old .bak files...
Backup cleanup complete ✅
Cleaning /Users/dwightwilliams/Downloads/clean-bak for old .bak files...
Backup cleanup complete ✅
[2025-05-27 16:20:00] Cleaning /Users/dwightwilliams/Downloads/clean-bak for old .bak files...
[2025-05-27 16:20:00] Backup cleanup complete ✅
Cleaning /Users/dwightwilliams/Downloads/clean-bak for old .bak files...
Backup cleanup complete ✅
Cleaning /Users/dwightwilliams/Downloads/clean-bak for old .bak files...
Backup cleanup complete ✅
[2025-05-27 16:21:00] Cleaning /Users/dwightwilliams/Downloads/clean-bak for old .bak files...
[2025-05-27 16:21:00] Backup cleanup complete ✅
Cleaning /Users/dwightwilliams/Downloads/clean-bak for old .bak files...
Backup cleanup complete ✅
Cleaning /Users/dwightwilliams/Downloads/clean-bak for old .bak files...
Backup cleanup complete ✅
[2025-05-27 16:25:48] Cleaning /Users/dwightwilliams/Downloads/clean-bak for old .bak files...
[2025-05-27 16:25:48] Backup cleanup complete ✅
Cleaning /Users/dwightwilliams/Downloads/clean-bak for old .bak files...
Backup cleanup complete ✅
Cleaning /Users/dwightwilliams/Downloads/clean-bak for old .bak files...
Backup cleanup complete ✅
